<?xml version="1.0" encoding="UTF-8"?>
<testsuite xmlns:xsi="http://www.w3.org/2001/XMLSchema-instance" xsi:noNamespaceSchemaLocation="https://maven.apache.org/surefire/maven-surefire-plugin/xsd/surefire-test-report-3.0.xsd" version="3.0" name="com.ing.stockexchange.StockexchangeApplicationTests" time="2.613" tests="1" errors="0" skipped="0" failures="0">
  <properties>
[...]
</properties>
  <testcase name="contextLoads" classname="com.ing.stockexchange.StockexchangeApplicationTests" time="0.265">
    <system-out><![CDATA[21:38:51.739 [main] INFO org.springframework.test.context.support.AnnotationConfigContextLoaderUtils -- Could not detect default configuration classes for test class [com.ing.stockexchange.StockexchangeApplicationTests]: StockexchangeApplicationTests does not declare any static, non-private, non-final, nested classes annotated with @Configuration.
21:38:51.777 [main] INFO org.springframework.boot.test.context.SpringBootTestContextBootstrapper -- Found @SpringBootConfiguration com.ing.stockexchange.StockexchangeApplication for test class com.ing.stockexchange.StockexchangeApplicationTests

  .   ____          _            __ _ _
 /\\ / ___'_ __ _ _(_)_ __  __ _ \ \ \ \
( ( )\___ | '_ | '_| | '_ \/ _` | \ \ \ \
 \\/  ___)| |_)| | | | | || (_| |  ) ) ) )
  '  |____| .__|_| |_|_| |_\__, | / / / /
 =========|_|==============|___/=/_/_/_/

 :: Spring Boot ::                (v3.3.2)

2024-08-17T21:38:51.933+03:00  INFO 2912 --- [stockexchange] [           main] c.i.s.StockexchangeApplicationTests      : Starting StockexchangeApplicationTests using Java 21.0.1 with PID 2912 (started by gtombul in /Users/gtombul/Downloads/stockexchange)
2024-08-17T21:38:51.934+03:00  INFO 2912 --- [stockexchange] [           main] c.i.s.StockexchangeApplicationTests      : No active profile set, falling back to 1 default profile: "default"
2024-08-17T21:38:52.252+03:00  INFO 2912 --- [stockexchange] [           main] .s.d.r.c.RepositoryConfigurationDelegate : Bootstrapping Spring Data JPA repositories in DEFAULT mode.
2024-08-17T21:38:52.285+03:00  INFO 2912 --- [stockexchange] [           main] .s.d.r.c.RepositoryConfigurationDelegate : Finished Spring Data repository scanning in 30 ms. Found 4 JPA repository interfaces.
2024-08-17T21:38:52.509+03:00  INFO 2912 --- [stockexchange] [           main] com.zaxxer.hikari.HikariDataSource       : HikariPool-1 - Starting...
2024-08-17T21:38:52.608+03:00  INFO 2912 --- [stockexchange] [           main] com.zaxxer.hikari.pool.HikariPool        : HikariPool-1 - Added connection conn0: url=jdbc:h2:mem:stockexchangedb user=SA
2024-08-17T21:38:52.609+03:00  INFO 2912 --- [stockexchange] [           main] com.zaxxer.hikari.HikariDataSource       : HikariPool-1 - Start completed.
2024-08-17T21:38:52.633+03:00  INFO 2912 --- [stockexchange] [           main] o.hibernate.jpa.internal.util.LogHelper  : HHH000204: Processing PersistenceUnitInfo [name: default]
2024-08-17T21:38:52.657+03:00  INFO 2912 --- [stockexchange] [           main] org.hibernate.Version                    : HHH000412: Hibernate ORM core version 6.5.2.Final
2024-08-17T21:38:52.670+03:00  INFO 2912 --- [stockexchange] [           main] o.h.c.internal.RegionFactoryInitiator    : HHH000026: Second-level cache disabled
2024-08-17T21:38:52.776+03:00  INFO 2912 --- [stockexchange] [           main] o.s.o.j.p.SpringPersistenceUnitInfo      : No LoadTimeWeaver setup: ignoring JPA class transformer
2024-08-17T21:38:52.796+03:00  WARN 2912 --- [stockexchange] [           main] org.hibernate.orm.deprecation            : HHH90000025: H2Dialect does not need to be specified explicitly using 'hibernate.dialect' (remove the property setting and it will be selected by default)
2024-08-17T21:38:53.193+03:00  INFO 2912 --- [stockexchange] [           main] o.h.e.t.j.p.i.JtaPlatformInitiator       : HHH000489: No JTA platform available (set 'hibernate.transaction.jta.platform' to enable JTA platform integration)
2024-08-17T21:38:53.217+03:00  INFO 2912 --- [stockexchange] [           main] j.LocalContainerEntityManagerFactoryBean : Initialized JPA EntityManagerFactory for persistence unit 'default'
2024-08-17T21:38:53.420+03:00  INFO 2912 --- [stockexchange] [           main] o.s.d.j.r.query.QueryEnhancerFactory     : Hibernate is in classpath; If applicable, HQL parser will be used.
2024-08-17T21:38:53.480+03:00  INFO 2912 --- [stockexchange] [           main] eAuthenticationProviderManagerConfigurer : Global AuthenticationManager configured with AuthenticationProvider bean with name authenticationProvider
2024-08-17T21:38:53.480+03:00  WARN 2912 --- [stockexchange] [           main] r$InitializeUserDetailsManagerConfigurer : Global AuthenticationManager configured with an AuthenticationProvider bean. UserDetailsService beans will not be used for username/password login. Consider removing the AuthenticationProvider bean. Alternatively, consider using the UserDetailsService in a manually instantiated DaoAuthenticationProvider.
2024-08-17T21:38:53.503+03:00  WARN 2912 --- [stockexchange] [           main] JpaBaseConfiguration$JpaWebConfiguration : spring.jpa.open-in-view is enabled by default. Therefore, database queries may be performed during view rendering. Explicitly configure spring.jpa.open-in-view to disable this warning
2024-08-17T21:38:53.783+03:00  INFO 2912 --- [stockexchange] [           main] o.s.b.a.h2.H2ConsoleAutoConfiguration    : H2 console available at '/h2-console'. Database available at 'jdbc:h2:mem:stockexchangedb'
2024-08-17T21:38:53.814+03:00  INFO 2912 --- [stockexchange] [           main] c.i.s.StockexchangeApplicationTests      : Started StockexchangeApplicationTests in 1.992 seconds (process running for 2.375)
]]></system-out>
    <system-err><![CDATA[WARNING: A Java agent has been loaded dynamically (/Users/gtombul/.m2/repository/net/bytebuddy/byte-buddy-agent/1.14.18/byte-buddy-agent-1.14.18.jar)
WARNING: If a serviceability tool is in use, please run with -XX:+EnableDynamicAgentLoading to hide this warning
WARNING: If a serviceability tool is not in use, please run with -Djdk.instrument.traceUsage for more information
WARNING: Dynamic loading of agents will be disallowed by default in a future release
]]></system-err>
  </testcase>
</testsuite>