<?xml version="1.0" encoding="UTF-8"?>
<testsuite xmlns:xsi="http://www.w3.org/2001/XMLSchema-instance" xsi:noNamespaceSchemaLocation="https://maven.apache.org/surefire/maven-surefire-plugin/xsd/surefire-test-report-3.0.xsd" version="3.0" name="com.ing.stockexchange.service.StockExchangeServiceTest" time="0.168" tests="3" errors="0" skipped="0" failures="0">
  <properties>
[...]
</properties>
  <testcase name="shouldThrowExceptionWhenStockExchangeDoesNotExistWithGivenName" classname="com.ing.stockexchange.service.StockExchangeServiceTest" time="0.161"/>
  <testcase name="shouldReturnStockExchangeWithLiveInMarketFalseWhenNewStockExchangeIsCreated" classname="com.ing.stockexchange.service.StockExchangeServiceTest" time="0.003"/>
  <testcase name="shouldReturnStockExchangeWhenStockExchangeExistsWithGivenName" classname="com.ing.stockexchange.service.StockExchangeServiceTest" time="0.001"/>
</testsuite>